<?xml version="1.0" encoding="UTF-8"?>
<!-- Generated by org.testng.reporters.JUnitReportReporter -->
<testsuite hostname="LAPTOP-TJH53N8U" failures="0" tests="2" name="com.Login.Swaglogin" time="14.266" errors="0" timestamp="2022-11-23T21:54:53 IST" skipped="0">
  <testcase classname="com.Login.Swaglogin" name="login" time="13.703"/>
  <system-out/>
  <testcase classname="com.Login.Swaglogin" name="loginCredentials" time="0.563"/>
  <system-out/>
</testsuite> <!-- com.Login.Swaglogin -->
